This is XeTeX, Version 3.141592653-2.6-0.999997 (TeX Live 2025) (preloaded format=xelatex 2025.10.21)  2 APR 2026 15:30
entering extended mode
 restricted \write18 enabled.
 %&-line parsing enabled.
**TA.tex
(./TA.tex
LaTeX2e <2024-11-01> patch level 2
L3 programming layer <2025-01-18>
(/usr/local/texlive/2025/texmf-dist/tex/latex/base/book.cls
Document Class: book 2024/06/29 v1.4n Standard LaTeX document class
(/usr/local/texlive/2025/texmf-dist/tex/latex/base/bk12.clo
File: bk12.clo 2024/06/29 v1.4n Standard LaTeX file (size option)
)
\c@part=\count192
\c@chapter=\count193
\c@section=\count194
\c@subsection=\count195
\c@subsubsection=\count196
\c@paragraph=\count197
\c@subparagraph=\count198
\c@figure=\count199
\c@table=\count266
\abovecaptionskip=\skip49
\belowcaptionskip=\skip50
\bibindent=\dimen141
)
(/usr/local/texlive/2025/texmf-dist/tex/latex/base/inputenc.sty
Package: inputenc 2024/02/08 v1.3d Input encoding file
\inpenc@prehook=\toks17
\inpenc@posthook=\toks18


Package inputenc Warning: inputenc package ignored with utf8 based engines.

) (/usr/local/texlive/2025/texmf-dist/tex/latex/fontspec/fontspec.sty
(/usr/local/texlive/2025/texmf-dist/tex/latex/l3packages/xparse/xparse.sty
(/usr/local/texlive/2025/texmf-dist/tex/latex/l3kernel/expl3.sty
Package: expl3 2025-01-18 L3 programming layer (loader) 

(/usr/local/texlive/2025/texmf-dist/tex/latex/l3backend/l3backend-xetex.def
File: l3backend-xetex.def 2024-05-08 L3 backend support: XeTeX
\g__graphics_track_int=\count267
\l__pdf_internal_box=\box52
\g__pdf_backend_annotation_int=\count268
\g__pdf_backend_link_int=\count269
))
Package: xparse 2024-08-16 L3 Experimental document command parser
)
Package: fontspec 2024/05/11 v2.9e Font selection for XeLaTeX and LuaLaTeX

(/usr/local/texlive/2025/texmf-dist/tex/latex/fontspec/fontspec-xetex.sty
Package: fontspec-xetex 2024/05/11 v2.9e Font selection for XeLaTeX and LuaLaTe
X
\l__fontspec_script_int=\count270
\l__fontspec_language_int=\count271
\l__fontspec_strnum_int=\count272
\l__fontspec_tmp_int=\count273
\l__fontspec_tmpa_int=\count274
\l__fontspec_tmpb_int=\count275
\l__fontspec_tmpc_int=\count276
\l__fontspec_em_int=\count277
\l__fontspec_emdef_int=\count278
\l__fontspec_strong_int=\count279
\l__fontspec_strongdef_int=\count280
\l__fontspec_tmpa_dim=\dimen142
\l__fontspec_tmpb_dim=\dimen143
\l__fontspec_tmpc_dim=\dimen144

(/usr/local/texlive/2025/texmf-dist/tex/latex/base/fontenc.sty
Package: fontenc 2021/04/29 v2.0v Standard LaTeX package
)
(/usr/local/texlive/2025/texmf-dist/tex/latex/fontspec/fontspec.cfg)))
(/usr/local/texlive/2025/texmf-dist/tex/generic/babel/babel.sty
Package: babel 2025/02/14 v25.4 The multilingual framework for pdfLaTeX, LuaLaT
eX and XeLaTeX
\babel@savecnt=\count281
\U@D=\dimen145
\l@unhyphenated=\language90

(/usr/local/texlive/2025/texmf-dist/tex/generic/babel/xebabel.def)
\bbl@readstream=\read2
\bbl@dirlevel=\count282

(/usr/local/texlive/2025/texmf-dist/tex/generic/babel-indonesian/indonesian.ldf
Language: indonesian 2017/02/15 v1.0m Bahasa Indonesia support from the babel s
ystem
))
(/usr/local/texlive/2025/texmf-dist/tex/generic/babel/locale/id/babel-indonesia
n.tex
Package babel Info: Importing font and identification data for indonesian
(babel)             from babel-id.ini. Reported on input line 11.
) (/usr/local/texlive/2025/texmf-dist/tex/latex/csquotes/csquotes.sty
Package: csquotes 2024-04-04 v5.2o context-sensitive quotations (JAW)

(/usr/local/texlive/2025/texmf-dist/tex/latex/etoolbox/etoolbox.sty
Package: etoolbox 2025/02/11 v2.5l e-TeX tools for LaTeX (JAW)
\etb@tempcnta=\count283
)
(/usr/local/texlive/2025/texmf-dist/tex/latex/graphics/keyval.sty
Package: keyval 2022/05/29 v1.15 key=value parser (DPC)
\KV@toks@=\toks19
)
\csq@reset=\count284
\csq@gtype=\count285
\csq@glevel=\count286
\csq@qlevel=\count287
\csq@maxlvl=\count288
\csq@tshold=\count289
\csq@ltx@everypar=\toks20

(/usr/local/texlive/2025/texmf-dist/tex/latex/csquotes/csquotes.def
File: csquotes.def 2024-04-04 v5.2o csquotes generic definitions (JAW)
)
Package csquotes Info: Trying to load configuration file 'csquotes.cfg'...
Package csquotes Info: ... configuration file loaded successfully.

(/usr/local/texlive/2025/texmf-dist/tex/latex/csquotes/csquotes.cfg
File: csquotes.cfg 
))
(/usr/local/texlive/2025/texmf-dist/tex/latex/setspace/setspace.sty
Package: setspace 2022/12/04 v6.7b set line spacing
)
(/usr/local/texlive/2025/texmf-dist/tex/latex/graphics/graphicx.sty
Package: graphicx 2021/09/16 v1.2d Enhanced LaTeX Graphics (DPC,SPQR)

(/usr/local/texlive/2025/texmf-dist/tex/latex/graphics/graphics.sty
Package: graphics 2024/08/06 v1.4g Standard LaTeX Graphics (DPC,SPQR)

(/usr/local/texlive/2025/texmf-dist/tex/latex/graphics/trig.sty
Package: trig 2023/12/02 v1.11 sin cos tan (DPC)
)
(/usr/local/texlive/2025/texmf-dist/tex/latex/graphics-cfg/graphics.cfg
File: graphics.cfg 2016/06/04 v1.11 sample graphics configuration
)
Package graphics Info: Driver file: xetex.def on input line 106.

(/usr/local/texlive/2025/texmf-dist/tex/latex/graphics-def/xetex.def
File: xetex.def 2022/09/22 v5.0n Graphics/color driver for xetex
))
\Gin@req@height=\dimen146
\Gin@req@width=\dimen147
)
(/usr/local/texlive/2025/texmf-dist/tex/latex/caption/caption.sty
Package: caption 2023/08/05 v3.6o Customizing captions (AR)

(/usr/local/texlive/2025/texmf-dist/tex/latex/caption/caption3.sty
Package: caption3 2023/07/31 v2.4d caption3 kernel (AR)
\caption@tempdima=\dimen148
\captionmargin=\dimen149
\caption@leftmargin=\dimen150
\caption@rightmargin=\dimen151
\caption@width=\dimen152
\caption@indent=\dimen153
\caption@parindent=\dimen154
\caption@hangindent=\dimen155
Package caption Info: Standard document class detected.
)
\c@caption@flags=\count290
\c@continuedfloat=\count291
)
(/usr/local/texlive/2025/texmf-dist/tex/latex/caption/subcaption.sty
Package: subcaption 2023/07/28 v1.6b Sub-captions (AR)
Package caption Info: New subtype `subfigure' on input line 238.
\c@subfigure=\count292
Package caption Info: New subtype `subtable' on input line 238.
\c@subtable=\count293
)
(/usr/local/texlive/2025/texmf-dist/tex/latex/tocloft/tocloft.sty
Package: tocloft 2017/08/31 v2.3i parameterised ToC, etc., typesetting
Package tocloft Info: The document has chapter divisions on input line 51.
\cftparskip=\skip51
\cftbeforetoctitleskip=\skip52
\cftaftertoctitleskip=\skip53
\cftbeforepartskip=\skip54
\cftpartnumwidth=\skip55
\cftpartindent=\skip56
\cftbeforechapskip=\skip57
\cftchapindent=\skip58
\cftchapnumwidth=\skip59
\cftbeforesecskip=\skip60
\cftsecindent=\skip61
\cftsecnumwidth=\skip62
\cftbeforesubsecskip=\skip63
\cftsubsecindent=\skip64
\cftsubsecnumwidth=\skip65
\cftbeforesubsubsecskip=\skip66
\cftsubsubsecindent=\skip67
\cftsubsubsecnumwidth=\skip68
\cftbeforeparaskip=\skip69
\cftparaindent=\skip70
\cftparanumwidth=\skip71
\cftbeforesubparaskip=\skip72
\cftsubparaindent=\skip73
\cftsubparanumwidth=\skip74
\cftbeforeloftitleskip=\skip75
\cftafterloftitleskip=\skip76
\cftbeforefigskip=\skip77
\cftfigindent=\skip78
\cftfignumwidth=\skip79
\c@lofdepth=\count294
\c@lotdepth=\count295
\cftbeforelottitleskip=\skip80
\cftafterlottitleskip=\skip81
\cftbeforetabskip=\skip82
\cfttabindent=\skip83
\cfttabnumwidth=\skip84
)
(/usr/local/texlive/2025/texmf-dist/tex/latex/titlesec/titlesec.sty
Package: titlesec 2025/01/04 v2.17 Sectioning titles
\ttl@box=\box53
\beforetitleunit=\skip85
\aftertitleunit=\skip86
\ttl@plus=\dimen156
\ttl@minus=\dimen157
\ttl@toksa=\toks21
\titlewidth=\dimen158
\titlewidthlast=\dimen159
\titlewidthfirst=\dimen160
)
(/usr/local/texlive/2025/texmf-dist/tex/latex/lipsum/lipsum.sty
(/usr/local/texlive/2025/texmf-dist/tex/latex/l3packages/l3keys2e/l3keys2e.sty
Package: l3keys2e 2024-08-16 LaTeX2e option processing using LaTeX3 keys
)
Package: lipsum 2021-09-20 v2.7 150 paragraphs of Lorem Ipsum dummy text
\g__lipsum_par_int=\count296
\l__lipsum_a_int=\count297
\l__lipsum_b_int=\count298
(/usr/local/texlive/2025/texmf-dist/tex/latex/lipsum/lipsum.ltd.tex))
(/usr/local/texlive/2025/texmf-dist/tex/latex/floatrow/floatrow.sty
Package: floatrow 2008/08/02 v0.3b floatrow: float package extension
\c@float@type=\count299
\float@exts=\toks22
\float@box=\box54
\@floatcapt=\box55
Package floatrow Info: Modified float package code loaded on input line 455.
Package floatrow Info: Modified rotfloat package code loaded on input line 473.

\FR@everyfloat=\toks23
\flrow@foot=\insert252
\FB@wd=\dimen161
\FBo@wd=\dimen162
\FBc@wd=\dimen163
\FBo@ht=\skip87
\FBc@ht=\skip88
\FBf@ht=\skip89
\FBo@max=\skip90
\FBc@max=\skip91
\FBf@max=\skip92
\c@FBl@b=\count300
\floatbox@depth=\count301
\c@FRobj=\count302
\c@FRsobj=\count303
\Xhsize=\skip93
\sXhsize=\skip94
\Zhsize=\skip95
\sZhsize=\skip96
\flrow@rowbox=\box56
\FR@Zunitlength=\dimen164
\c@FBcnt=\count304
\FPOScnt=\count305
\LTleft=\skip97
\LTright=\skip98
\LTleft=\skip99
\LTright=\skip100
\flrow@types=\toks24
)
(/usr/local/texlive/2025/texmf-dist/tex/latex/listings/listings.sty
\lst@mode=\count306
\lst@gtempboxa=\box57
\lst@token=\toks25
\lst@length=\count307
\lst@currlwidth=\dimen165
\lst@column=\count308
\lst@pos=\count309
\lst@lostspace=\dimen166
\lst@width=\dimen167
\lst@newlines=\count310
\lst@lineno=\count311
\lst@maxwidth=\dimen168

(/usr/local/texlive/2025/texmf-dist/tex/latex/listings/lstpatch.sty
File: lstpatch.sty 2024/09/23 1.10c (Carsten Heinz)
)
(/usr/local/texlive/2025/texmf-dist/tex/latex/listings/lstmisc.sty
File: lstmisc.sty 2024/09/23 1.10c (Carsten Heinz)
\c@lstnumber=\count312
\lst@skipnumbers=\count313
\lst@framebox=\box58
)
(/usr/local/texlive/2025/texmf-dist/tex/latex/listings/listings.cfg
File: listings.cfg 2024/09/23 1.10c listings configuration
))
Package: listings 2024/09/23 1.10c (Carsten Heinz)

(/usr/local/texlive/2025/texmf-dist/tex/latex/amsmath/amsmath.sty
Package: amsmath 2024/11/05 v2.17t AMS math features
\@mathmargin=\skip101

For additional information on amsmath, use the `?' option.
(/usr/local/texlive/2025/texmf-dist/tex/latex/amsmath/amstext.sty
Package: amstext 2021/08/26 v2.01 AMS text

(/usr/local/texlive/2025/texmf-dist/tex/latex/amsmath/amsgen.sty
File: amsgen.sty 1999/11/30 v2.0 generic functions
\@emptytoks=\toks26
\ex@=\dimen169
))
(/usr/local/texlive/2025/texmf-dist/tex/latex/amsmath/amsbsy.sty
Package: amsbsy 1999/11/29 v1.2d Bold Symbols
\pmbraise@=\dimen170
)
(/usr/local/texlive/2025/texmf-dist/tex/latex/amsmath/amsopn.sty
Package: amsopn 2022/04/08 v2.04 operator names
)
\inf@bad=\count314
LaTeX Info: Redefining \frac on input line 233.
\uproot@=\count315
\leftroot@=\count316
LaTeX Info: Redefining \overline on input line 398.
LaTeX Info: Redefining \colon on input line 409.
\classnum@=\count317
\DOTSCASE@=\count318
LaTeX Info: Redefining \ldots on input line 495.
LaTeX Info: Redefining \dots on input line 498.
LaTeX Info: Redefining \cdots on input line 619.
\Mathstrutbox@=\box59
\strutbox@=\box60
LaTeX Info: Redefining \big on input line 721.
LaTeX Info: Redefining \Big on input line 722.
LaTeX Info: Redefining \bigg on input line 723.
LaTeX Info: Redefining \Bigg on input line 724.
\big@size=\dimen171
LaTeX Font Info:    Redeclaring font encoding OML on input line 742.
LaTeX Font Info:    Redeclaring font encoding OMS on input line 743.
\macc@depth=\count319
LaTeX Info: Redefining \bmod on input line 904.
LaTeX Info: Redefining \pmod on input line 909.
LaTeX Info: Redefining \smash on input line 939.
LaTeX Info: Redefining \relbar on input line 969.
LaTeX Info: Redefining \Relbar on input line 970.
\c@MaxMatrixCols=\count320
\dotsspace@=\muskip17
\c@parentequation=\count321
\dspbrk@lvl=\count322
\tag@help=\toks27
\row@=\count323
\column@=\count324
\maxfields@=\count325
\andhelp@=\toks28
\eqnshift@=\dimen172
\alignsep@=\dimen173
\tagshift@=\dimen174
\tagwidth@=\dimen175
\totwidth@=\dimen176
\lineht@=\dimen177
\@envbody=\toks29
\multlinegap=\skip102
\multlinetaggap=\skip103
\mathdisplay@stack=\toks30
LaTeX Info: Redefining \[ on input line 2953.
LaTeX Info: Redefining \] on input line 2954.
)
(/usr/local/texlive/2025/texmf-dist/tex/latex/amsfonts/amssymb.sty
Package: amssymb 2013/01/14 v3.01 AMS font symbols

(/usr/local/texlive/2025/texmf-dist/tex/latex/amsfonts/amsfonts.sty
Package: amsfonts 2013/01/14 v3.01 Basic AMSFonts support
\symAMSa=\mathgroup4
\symAMSb=\mathgroup5
LaTeX Font Info:    Redeclaring math symbol \hbar on input line 98.
LaTeX Font Info:    Overwriting math alphabet `\mathfrak' in version `bold'
(Font)                  U/euf/m/n --> U/euf/b/n on input line 106.
))
(/usr/local/texlive/2025/texmf-dist/tex/latex/enumitem/enumitem.sty
Package: enumitem 2025/02/06 v3.11 Customized lists
\labelindent=\skip104
\enit@outerparindent=\dimen178
\enit@toks=\toks31
\enit@inbox=\box61
\enit@count@id=\count326
\enitdp@description=\count327
)
(/usr/local/texlive/2025/texmf-dist/tex/latex/parskip/parskip.sty
Package: parskip 2021-03-14 v2.0h non-zero parskip adjustments

(/usr/local/texlive/2025/texmf-dist/tex/latex/kvoptions/kvoptions.sty
Package: kvoptions 2022-06-15 v3.15 Key value format for package options (HO)

(/usr/local/texlive/2025/texmf-dist/tex/generic/ltxcmds/ltxcmds.sty
Package: ltxcmds 2023-12-04 v1.26 LaTeX kernel commands for general use (HO)
)
(/usr/local/texlive/2025/texmf-dist/tex/latex/kvsetkeys/kvsetkeys.sty
Package: kvsetkeys 2022-10-05 v1.19 Key value parser (HO)
)))
(/usr/local/texlive/2025/texmf-dist/tex/latex/tools/longtable.sty
Package: longtable 2024-10-27 v4.22 Multi-page Table package (DPC)
\LTleft=\skip105
\LTright=\skip106
\LTpre=\skip107
\LTpost=\skip108
\LTchunksize=\count328
\LTcapwidth=\dimen179
\LT@head=\box62
\LT@firsthead=\box63
\LT@foot=\box64
\LT@lastfoot=\box65
\LT@gbox=\box66
\LT@cols=\count329
\LT@rows=\count330
\c@LT@tables=\count331
\c@LT@chunks=\count332
\LT@p@ftn=\toks32
)
(/usr/local/texlive/2025/texmf-dist/tex/latex/booktabs/booktabs.sty
Package: booktabs 2020/01/12 v1.61803398 Publication quality tables
\heavyrulewidth=\dimen180
\lightrulewidth=\dimen181
\cmidrulewidth=\dimen182
\belowrulesep=\dimen183
\belowbottomsep=\dimen184
\aboverulesep=\dimen185
\abovetopsep=\dimen186
\cmidrulesep=\dimen187
\cmidrulekern=\dimen188
\defaultaddspace=\dimen189
\@cmidla=\count333
\@cmidlb=\count334
\@aboverulesep=\dimen190
\@belowrulesep=\dimen191
\@thisruleclass=\count335
\@lastruleclass=\count336
\@thisrulewidth=\dimen192
)
(/usr/local/texlive/2025/texmf-dist/tex/latex/makecell/makecell.sty
Package: makecell 2009/08/03 V0.1e Managing of Tab Column Heads and Cells

(/usr/local/texlive/2025/texmf-dist/tex/latex/tools/array.sty
Package: array 2024/10/17 v2.6g Tabular extension package (FMi)
\col@sep=\dimen193
\ar@mcellbox=\box67
\extrarowheight=\dimen194
\NC@list=\toks33
\extratabsurround=\skip109
\backup@length=\skip110
\ar@cellbox=\box68
)
\rotheadsize=\dimen195
\c@nlinenum=\count337
\TeXr@lab=\toks34
)
(/usr/local/texlive/2025/texmf-dist/tex/latex/multirow/multirow.sty
Package: multirow 2024/11/12 v2.9 Span multiple rows of a table
\multirow@colwidth=\skip111
\multirow@cntb=\count338
\multirow@dima=\skip112
\bigstrutjot=\dimen196
)
(/usr/local/texlive/2025/texmf-dist/tex/latex/datetime2/datetime2.sty
Package: datetime2 2021/03/21 v1.5.7 (NLCT) date and time formats

(/usr/local/texlive/2025/texmf-dist/tex/latex/tracklang/tracklang.sty
Package: tracklang 2025/03/04 v1.6.5 (NLCT) Track Languages

(/usr/local/texlive/2025/texmf-dist/tex/generic/tracklang/tracklang.tex))
(/usr/local/texlive/2025/texmf-dist/tex/latex/xkeyval/xkeyval.sty
Package: xkeyval 2022/06/16 v2.9 package option processing (HA)

(/usr/local/texlive/2025/texmf-dist/tex/generic/xkeyval/xkeyval.tex
(/usr/local/texlive/2025/texmf-dist/tex/generic/xkeyval/xkvutils.tex
\XKV@toks=\toks35
\XKV@tempa@toks=\toks36
)
\XKV@depth=\count339
File: xkeyval.tex 2014/12/03 v2.7a key=value parser (HA)
))
(/usr/local/texlive/2025/texmf-dist/tex/latex/datetime2-bahasai/datetime2-bahas
ai.ldf
File: datetime2-bahasai.ldf 2018/01/10 v1.01
)) (/usr/local/texlive/2025/texmf-dist/tex/latex/geometry/geometry.sty
Package: geometry 2020/01/02 v5.9 Page Geometry

(/usr/local/texlive/2025/texmf-dist/tex/generic/iftex/ifvtex.sty
Package: ifvtex 2019/10/25 v1.7 ifvtex legacy package. Use iftex instead.

(/usr/local/texlive/2025/texmf-dist/tex/generic/iftex/iftex.sty
Package: iftex 2024/12/12 v1.0g TeX engine tests
))
\Gm@cnth=\count340
\Gm@cntv=\count341
\c@Gm@tempcnt=\count342
\Gm@bindingoffset=\dimen197
\Gm@wd@mp=\dimen198
\Gm@odd@mp=\dimen199
\Gm@even@mp=\dimen256
\Gm@layoutwidth=\dimen257
\Gm@layoutheight=\dimen258
\Gm@layouthoffset=\dimen259
\Gm@layoutvoffset=\dimen260
\Gm@dimlist=\toks37
)
(/usr/local/texlive/2025/texmf-dist/tex/latex/algorithms/algorithm.sty
Invalid UTF-8 byte or sequence at line 11 replaced by U+FFFD.
Package: algorithm 2009/08/24 v0.1 Document Style `algorithm' - floating enviro
nment

(/usr/local/texlive/2025/texmf-dist/tex/latex/base/ifthen.sty
Package: ifthen 2024/03/16 v1.1e Standard LaTeX ifthen package (DPC)
)
\c@algorithm=\count343
)
(/usr/local/texlive/2025/texmf-dist/tex/latex/algorithmicx/algorithmicx.sty
Package: algorithmicx 2005/04/27 v1.2 Algorithmicx

Document Style algorithmicx 1.2 - a greatly improved `algorithmic' style
\c@ALG@line=\count344
\c@ALG@rem=\count345
\c@ALG@nested=\count346
\ALG@tlm=\skip113
\ALG@thistlm=\skip114
\c@ALG@Lnr=\count347
\c@ALG@blocknr=\count348
\c@ALG@storecount=\count349
\c@ALG@tmpcounter=\count350
\ALG@tmplength=\skip115
) (/usr/local/texlive/2025/texmf-dist/tex/latex/algorithmicx/algpseudocode.sty
Package: algpseudocode 

Document Style - pseudocode environments for use with the `algorithmicx' style
) (/usr/local/texlive/2025/texmf-dist/tex/latex/microtype/microtype.sty
Package: microtype 2025/02/11 v3.2a Micro-typographical refinements (RS)
\MT@toks=\toks38
\MT@tempbox=\box69
\MT@count=\count351
LaTeX Info: Redefining \noprotrusionifhmode on input line 1087.
LaTeX Info: Redefining \leftprotrusion on input line 1088.
\MT@prot@toks=\toks39
LaTeX Info: Redefining \rightprotrusion on input line 1107.
LaTeX Info: Redefining \textls on input line 1449.
\MT@outer@kern=\dimen261
LaTeX Info: Redefining \microtypecontext on input line 2053.
LaTeX Info: Redefining \textmicrotypecontext on input line 2070.
\MT@listname@count=\count352

(/usr/local/texlive/2025/texmf-dist/tex/latex/microtype/microtype-xetex.def
File: microtype-xetex.def 2025/02/11 v3.2a Definitions specific to xetex (RS)
LaTeX Info: Redefining \lsstyle on input line 443.
LaTeX Info: Redefining \lslig on input line 451.
\MT@outer@space=\skip116
)
Package microtype Info: Loading configuration file microtype.cfg.

(/usr/local/texlive/2025/texmf-dist/tex/latex/microtype/microtype.cfg
File: microtype.cfg 2025/02/11 v3.2a microtype main configuration file (RS)
)
LaTeX Info: Redefining \microtypesetup on input line 3065.
)
(/usr/local/texlive/2025/texmf-dist/tex/latex/threeparttable/threeparttable.sty
Package: threeparttable 2003/06/13  v 3.0
\@tempboxb=\box70
) (/usr/local/texlive/2025/texmf-dist/tex/latex/tools/tabularx.sty
Package: tabularx 2023/12/11 v2.12a `tabularx' package (DPC)
\TX@col@width=\dimen262
\TX@old@table=\dimen263
\TX@old@col=\dimen264
\TX@target=\dimen265
\TX@delta=\dimen266
\TX@cols=\count353
\TX@ftn=\toks40
)
(/usr/local/texlive/2025/texmf-dist/tex/latex/xcolor/xcolor.sty
Package: xcolor 2024/09/29 v3.02 LaTeX color extensions (UK)

(/usr/local/texlive/2025/texmf-dist/tex/latex/graphics-cfg/color.cfg
File: color.cfg 2016/01/02 v1.6 sample color configuration
)
Package xcolor Info: Driver file: xetex.def on input line 274.

(/usr/local/texlive/2025/texmf-dist/tex/latex/graphics/mathcolor.ltx)
Package xcolor Info: Model `cmy' substituted by `cmy0' on input line 1349.
Package xcolor Info: Model `RGB' extended on input line 1365.
Package xcolor Info: Model `HTML' substituted by `rgb' on input line 1367.
Package xcolor Info: Model `Hsb' substituted by `hsb' on input line 1368.
Package xcolor Info: Model `tHsb' substituted by `hsb' on input line 1369.
Package xcolor Info: Model `HSB' substituted by `hsb' on input line 1370.
Package xcolor Info: Model `Gray' substituted by `gray' on input line 1371.
Package xcolor Info: Model `wave' substituted by `hsb' on input line 1372.
)
(/usr/local/texlive/2025/texmf-dist/tex/latex/appendix/appendix.sty
Package: appendix 2020/02/08 v1.2c extra appendix facilities
\c@@pps=\count354
\c@@ppsavesec=\count355
\c@@ppsaveapp=\count356
)
(/usr/local/texlive/2025/texmf-dist/tex/latex/hyperref/hyperref.sty
Package: hyperref 2024-11-05 v7.01l Hypertext links for LaTeX

(/usr/local/texlive/2025/texmf-dist/tex/generic/kvdefinekeys/kvdefinekeys.sty
Package: kvdefinekeys 2019-12-19 v1.6 Define keys (HO)
)
(/usr/local/texlive/2025/texmf-dist/tex/generic/pdfescape/pdfescape.sty
Package: pdfescape 2019/12/09 v1.15 Implements pdfTeX's escape features (HO)

(/usr/local/texlive/2025/texmf-dist/tex/generic/pdftexcmds/pdftexcmds.sty
Package: pdftexcmds 2020-06-27 v0.33 Utility functions of pdfTeX for LuaTeX (HO
)

(/usr/local/texlive/2025/texmf-dist/tex/generic/infwarerr/infwarerr.sty
Package: infwarerr 2019/12/03 v1.5 Providing info/warning/error messages (HO)
)
Package pdftexcmds Info: \pdf@primitive is available.
Package pdftexcmds Info: \pdf@ifprimitive is available.
Package pdftexcmds Info: \pdfdraftmode not found.
))
(/usr/local/texlive/2025/texmf-dist/tex/latex/hycolor/hycolor.sty
Package: hycolor 2020-01-27 v1.10 Color options for hyperref/bookmark (HO)
)
(/usr/local/texlive/2025/texmf-dist/tex/latex/hyperref/nameref.sty
Package: nameref 2023-11-26 v2.56 Cross-referencing by name of section

(/usr/local/texlive/2025/texmf-dist/tex/latex/refcount/refcount.sty
Package: refcount 2019/12/15 v3.6 Data extraction from label references (HO)
)
(/usr/local/texlive/2025/texmf-dist/tex/generic/gettitlestring/gettitlestring.s
ty
Package: gettitlestring 2019/12/15 v1.6 Cleanup title references (HO)
)
\c@section@level=\count357
) (/usr/local/texlive/2025/texmf-dist/tex/generic/stringenc/stringenc.sty
Package: stringenc 2019/11/29 v1.12 Convert strings between diff. encodings (HO
)
)
\@linkdim=\dimen267
\Hy@linkcounter=\count358
\Hy@pagecounter=\count359

(/usr/local/texlive/2025/texmf-dist/tex/latex/hyperref/pd1enc.def
File: pd1enc.def 2024-11-05 v7.01l Hyperref: PDFDocEncoding definition (HO)
)
(/usr/local/texlive/2025/texmf-dist/tex/generic/intcalc/intcalc.sty
Package: intcalc 2019/12/15 v1.3 Expandable calculations with integers (HO)
)
\Hy@SavedSpaceFactor=\count360

(/usr/local/texlive/2025/texmf-dist/tex/latex/hyperref/puenc.def
File: puenc.def 2024-11-05 v7.01l Hyperref: PDF Unicode definition (HO)
)
Package hyperref Info: Hyper figures OFF on input line 4157.
Package hyperref Info: Link nesting OFF on input line 4162.
Package hyperref Info: Hyper index ON on input line 4165.
Package hyperref Info: Plain pages OFF on input line 4172.
Package hyperref Info: Backreferencing OFF on input line 4177.
Package hyperref Info: Implicit mode ON; LaTeX internals redefined.
Package hyperref Info: Bookmarks ON on input line 4424.
\c@Hy@tempcnt=\count361

(/usr/local/texlive/2025/texmf-dist/tex/latex/url/url.sty
\Urlmuskip=\muskip18
Package: url 2013/09/16  ver 3.4  Verb mode for urls, etc.
)
LaTeX Info: Redefining \url on input line 4763.
\XeTeXLinkMargin=\dimen268

(/usr/local/texlive/2025/texmf-dist/tex/generic/bitset/bitset.sty
Package: bitset 2019/12/09 v1.3 Handle bit-vector datatype (HO)

(/usr/local/texlive/2025/texmf-dist/tex/generic/bigintcalc/bigintcalc.sty
Package: bigintcalc 2019/12/15 v1.5 Expandable calculations on big integers (HO
)
))
\Fld@menulength=\count362
\Field@Width=\dimen269
\Fld@charsize=\dimen270
Package hyperref Info: Hyper figures OFF on input line 6042.
Package hyperref Info: Link nesting OFF on input line 6047.
Package hyperref Info: Hyper index ON on input line 6050.
Package hyperref Info: backreferencing OFF on input line 6057.
Package hyperref Info: Link coloring OFF on input line 6062.
Package hyperref Info: Link coloring with OCG OFF on input line 6067.
Package hyperref Info: PDF/A mode OFF on input line 6072.

(/usr/local/texlive/2025/texmf-dist/tex/latex/base/atbegshi-ltx.sty
Package: atbegshi-ltx 2021/01/10 v1.0c Emulation of the original atbegshi
package with kernel methods
)
\Hy@abspage=\count363
\c@Item=\count364
\c@Hfootnote=\count365
)
Package hyperref Info: Driver (autodetected): hxetex.

(/usr/local/texlive/2025/texmf-dist/tex/latex/hyperref/hxetex.def
File: hxetex.def 2024-11-05 v7.01l Hyperref driver for XeTeX
\pdfm@box=\box71
\c@Hy@AnnotLevel=\count366
\HyField@AnnotCount=\count367
\Fld@listcount=\count368
\c@bookmark@seq@number=\count369

(/usr/local/texlive/2025/texmf-dist/tex/latex/rerunfilecheck/rerunfilecheck.sty
Package: rerunfilecheck 2022-07-10 v1.10 Rerun checks for auxiliary files (HO)
(/usr/local/texlive/2025/texmf-dist/tex/latex/base/atveryend-ltx.sty
Package: atveryend-ltx 2020/08/19 v1.0a Emulation of the original atveryend pac
kage
with kernel methods
)
(/usr/local/texlive/2025/texmf-dist/tex/generic/uniquecounter/uniquecounter.sty
Package: uniquecounter 2019/12/15 v1.4 Provide unlimited unique counter (HO)
)
Package uniquecounter Info: New unique counter `rerunfilecheck' on input line 2
85.
)
\Hy@SectionHShift=\skip117
) (/usr/local/texlive/2025/texmf-dist/tex/latex/placeins/placeins.sty
Package: placeins 2005/04/18  v 2.2
)

Package fontspec Info: 
(fontspec)             Font family 'TimesNewRoman(0)' created for font 'Times
(fontspec)             New Roman' with options [Ligatures=TeX].
(fontspec)              
(fontspec)              This font family consists of the following NFSS
(fontspec)             series/shapes:
(fontspec)              
(fontspec)             - 'normal' (m/n) with NFSS spec.: <->"Times New
(fontspec)             Roman/OT:script=latn;language=dflt;mapping=tex-text;"
(fontspec)             - 'bold' (b/n) with NFSS spec.: <->"Times New
(fontspec)             Roman/B/OT:script=latn;language=dflt;mapping=tex-text;"
(fontspec)             - 'italic' (m/it) with NFSS spec.: <->"Times New
(fontspec)             Roman/I/OT:script=latn;language=dflt;mapping=tex-text;"
(fontspec)             - 'bold italic' (b/it) with NFSS spec.: <->"Times New
(fontspec)             Roman/BI/OT:script=latn;language=dflt;mapping=tex-text;"



(/usr/local/texlive/2025/texmf-dist/tex/latex/biblatex-chicago/biblatex-chicago
.sty
Package: biblatex-chicago 2022/07/02 v 3.18 biblatex style
 (/usr/local/texlive/2025/texmf-dist/tex/generic/xstring/xstring.sty
(/usr/local/texlive/2025/texmf-dist/tex/generic/xstring/xstring.tex
\xs_counta=\count370
\xs_countb=\count371
)
Package: xstring 2023/08/22 v1.86 String manipulations (CT)
)
(/usr/local/texlive/2025/texmf-dist/tex/latex/biblatex/biblatex.sty
Package: biblatex 2024/03/21 v3.20 programmable bibliographies (PK/MW)

(/usr/local/texlive/2025/texmf-dist/tex/latex/logreq/logreq.sty
Package: logreq 2010/08/04 v1.0 xml request logger
\lrq@indent=\count372

(/usr/local/texlive/2025/texmf-dist/tex/latex/logreq/logreq.def
File: logreq.def 2010/08/04 v1.0 logreq spec v1.0
))
\c@tabx@nest=\count373
\c@listtotal=\count374
\c@listcount=\count375
\c@liststart=\count376
\c@liststop=\count377
\c@citecount=\count378
\c@citetotal=\count379
\c@multicitecount=\count380
\c@multicitetotal=\count381
\c@instcount=\count382
\c@maxnames=\count383
\c@minnames=\count384
\c@maxitems=\count385
\c@minitems=\count386
\c@citecounter=\count387
\c@maxcitecounter=\count388
\c@savedcitecounter=\count389
\c@uniquelist=\count390
\c@uniquename=\count391
\c@refsection=\count392
\c@refsegment=\count393
\c@maxextratitle=\count394
\c@maxextratitleyear=\count395
\c@maxextraname=\count396
\c@maxextradate=\count397
\c@maxextraalpha=\count398
\c@abbrvpenalty=\count399
\c@highnamepenalty=\count400
\c@lownamepenalty=\count401
\c@maxparens=\count402
\c@parenlevel=\count403
\blx@tempcnta=\count404
\blx@tempcntb=\count405
\blx@tempcntc=\count406
\c@blx@maxsection=\count407
\blx@maxsegment@0=\count408
\blx@notetype=\count409
\blx@parenlevel@text=\count410
\blx@parenlevel@foot=\count411
\blx@sectionciteorder@0=\count412
\blx@sectionciteorderinternal@0=\count413
\blx@entrysetcounter=\count414
\blx@biblioinstance=\count415
\labelnumberwidth=\skip118
\labelalphawidth=\skip119
\biblabelsep=\skip120
\bibitemsep=\skip121
\bibnamesep=\skip122
\bibinitsep=\skip123
\bibparsep=\skip124
\bibhang=\skip125
\blx@bcfin=\read3
\blx@bcfout=\write3
\blx@langwohyphens=\language91
\c@mincomprange=\count416
\c@maxcomprange=\count417
\c@mincompwidth=\count418
Package biblatex Info: Trying to load biblatex default data model...
Package biblatex Info: ... file 'blx-dm.def' found.

(/usr/local/texlive/2025/texmf-dist/tex/latex/biblatex/blx-dm.def
File: blx-dm.def 2024/03/21 v3.20 biblatex datamodel (PK/MW)
)
Package biblatex Info: Trying to load biblatex style data model...
Package biblatex Info: ... file 'chicago-authordate.dbx' not found.
Package biblatex Info: Trying to load biblatex custom data model...
Package biblatex Info: ... file 'biblatex-dm.cfg' not found.
\c@afterword=\count419
\c@savedafterword=\count420
\c@annotator=\count421
\c@savedannotator=\count422
\c@author=\count423
\c@savedauthor=\count424
\c@bookauthor=\count425
\c@savedbookauthor=\count426
\c@commentator=\count427
\c@savedcommentator=\count428
\c@editor=\count429
\c@savededitor=\count430
\c@editora=\count431
\c@savededitora=\count432
\c@editorb=\count433
\c@savededitorb=\count434
\c@editorc=\count435
\c@savededitorc=\count436
\c@foreword=\count437
\c@savedforeword=\count438
\c@holder=\count439
\c@savedholder=\count440
\c@introduction=\count441
\c@savedintroduction=\count442
\c@namea=\count443
\c@savednamea=\count444
\c@nameb=\count445
\c@savednameb=\count446
\c@namec=\count447
\c@savednamec=\count448
\c@translator=\count449
\c@savedtranslator=\count450
\c@shortauthor=\count451
\c@savedshortauthor=\count452
\c@shorteditor=\count453
\c@savedshorteditor=\count454
\c@labelname=\count455
\c@savedlabelname=\count456
\c@institution=\count457
\c@savedinstitution=\count458
\c@lista=\count459
\c@savedlista=\count460
\c@listb=\count461
\c@savedlistb=\count462
\c@listc=\count463
\c@savedlistc=\count464
\c@listd=\count465
\c@savedlistd=\count466
\c@liste=\count467
\c@savedliste=\count468
\c@listf=\count469
\c@savedlistf=\count470
\c@location=\count471
\c@savedlocation=\count472
\c@organization=\count473
\c@savedorganization=\count474
\c@origlocation=\count475
\c@savedoriglocation=\count476
\c@origpublisher=\count477
\c@savedorigpublisher=\count478
\c@publisher=\count479
\c@savedpublisher=\count480
\c@language=\count481
\c@savedlanguage=\count482
\c@origlanguage=\count483
\c@savedoriglanguage=\count484
\c@pageref=\count485
\c@savedpageref=\count486
\shorthandwidth=\skip126
\shortjournalwidth=\skip127
\shortserieswidth=\skip128
\shorttitlewidth=\skip129
\shortauthorwidth=\skip130
\shorteditorwidth=\skip131
\locallabelnumberwidth=\skip132
\locallabelalphawidth=\skip133
\localshorthandwidth=\skip134
\localshortjournalwidth=\skip135
\localshortserieswidth=\skip136
\localshorttitlewidth=\skip137
\localshortauthorwidth=\skip138
\localshorteditorwidth=\skip139
Package biblatex Info: Trying to load enhanced support for Unicode engines...
Package biblatex Info: ... file 'blx-unicode.def' found.

(/usr/local/texlive/2025/texmf-dist/tex/latex/biblatex/blx-unicode.def)
Package biblatex Info: Trying to load compatibility code...
Package biblatex Info: ... file 'blx-compat.def' found.

(/usr/local/texlive/2025/texmf-dist/tex/latex/biblatex/blx-compat.def
File: blx-compat.def 2024/03/21 v3.20 biblatex compatibility (PK/MW)
)
Package biblatex Info: Trying to load generic definitions...
Package biblatex Info: ... file 'biblatex.def' found.

(/usr/local/texlive/2025/texmf-dist/tex/latex/biblatex/biblatex.def
File: biblatex.def 2024/03/21 v3.20 biblatex compatibility (PK/MW)
\c@textcitecount=\count487
\c@textcitetotal=\count488
\c@textcitemaxnames=\count489
\c@biburlbigbreakpenalty=\count490
\c@biburlbreakpenalty=\count491
\c@biburlnumpenalty=\count492
\c@biburlucpenalty=\count493
\c@biburllcpenalty=\count494
\biburlbigskip=\muskip19
\biburlnumskip=\muskip20
\biburlucskip=\muskip21
\biburllcskip=\muskip22
\c@smartand=\count495
)
Package biblatex Info: Trying to load bibliography style 'chicago-authordate'..
.
Package biblatex Info: ... file 'chicago-authordate.bbx' found.

(/usr/local/texlive/2025/texmf-dist/tex/latex/biblatex-chicago/chicago-authorda
te.bbx
File: chicago-authordate.bbx 2022/11/17 v 3.18b biblatex bibliography style
\lositemsep=\skip140
Package biblatex Info: Delimiter 'revsdnamedelim' in context '' already defined
, overwriting.
\cms@tempcnta=\count496
\cms@tempcntb=\count497
\c@bbx:relatedcount=\count498
\c@bbx:relatedtotal=\count499
)
Package biblatex Info: Trying to load citation style 'chicago-authordate'...
Package biblatex Info: ... file 'chicago-authordate.cbx' found.

(/usr/local/texlive/2025/texmf-dist/tex/latex/biblatex-chicago/chicago-authorda
te.cbx
File: chicago-authordate.cbx 2022/07/02 v 3.18 biblatex citation style
Package biblatex Info: Trying to load citation style 'chicago-dates-common'...
Package biblatex Info: ... file 'chicago-dates-common.cbx' found.

(/usr/local/texlive/2025/texmf-dist/tex/latex/biblatex-chicago/chicago-dates-co
mmon.cbx
File: chicago-dates-common.cbx 2024/04/15 v 3.20 biblatex citation style
Package biblatex Info: Redefining '\cite'.
Package biblatex Info: Redefining '\parencite'.
Package biblatex Info: Redefining '\footcite'.
Package biblatex Info: Redefining '\footcitetext'.
Package biblatex Info: Redefining '\citetitle'.
Package biblatex Info: Redefining '\footfullcite'.
Package biblatex Info: Redefining '\fullcite'.
Package biblatex Info: Redefining '\textcite'.
Package biblatex Info: Redefining '\textcites'.
Package biblatex Info: Redefining '\cites'.
Package biblatex Info: Redefining '\parencites'.
Package biblatex Info: Redefining '\footcites'.
Package biblatex Info: Redefining '\footcitetexts'.
\c@cms@punct=\count500
Package biblatex Info: Delimiter 'dateeradelim' in context '' already defined, 
overwriting.
))
Package biblatex Info: Trying to load configuration file...
Package biblatex Info: ... file 'biblatex.cfg' found.
 (/usr/local/texlive/2025/texmf-dist/tex/latex/biblatex/biblatex.cfg
File: biblatex.cfg 
)
Package biblatex Info: XeTeX detected.
(biblatex)             Assuming input encoding 'utf8'.
Package biblatex Info: Document encoding is UTF8 ....
Package biblatex Info: ... and expl3
(biblatex)             2025-01-18 L3 programming layer (loader) 
(biblatex)             is new enough (at least 2020/04/06),
(biblatex)             setting 'casechanger=expl3'.
(/usr/local/texlive/2025/texmf-dist/tex/latex/biblatex/blx-case-expl3.sty
Package: blx-case-expl3 2024/03/21 v3.20 expl3 case changing code for biblatex
)))
Package hyperref Info: Option `colorlinks' set `true' on input line 156.
\c@myequations=\count501
\cftbeforemyequationsskip=\skip141
\cftmyequationsindent=\skip142
\cftmyequationsnumwidth=\skip143
\c@equdepth=\count502
\cftbeforeequtitleskip=\skip144
\cftafterequtitleskip=\skip145

(/usr/local/texlive/2025/texmf-dist/tex/latex/listings/lstlang1.sty
File: lstlang1.sty 2024/09/23 1.10c listings language file
)
Package csquotes Info: Checking for multilingual support...
Package csquotes Info: ... found 'babel' package.
Package csquotes Info: Adjusting default style.


Package csquotes Warning: No style for language 'indonesian'.
(csquotes)                Using fallback style on input line 327.

Package csquotes Info: Redefining alias 'default' -> 'fallback'.
(./TA.aux
(/usr/local/texlive/2025/texmf-dist/tex/generic/babel/locale/en/babel-english.t
ex)
Package babel Info: Importing data for english
(babel)             from babel-en.ini. Reported on input line 52.
)
\openout1 = `TA.aux'.

LaTeX Font Info:    Checking defaults for OML/cmm/m/it on input line 327.
LaTeX Font Info:    ... okay on input line 327.
LaTeX Font Info:    Checking defaults for OMS/cmsy/m/n on input line 327.
LaTeX Font Info:    ... okay on input line 327.
LaTeX Font Info:    Checking defaults for OT1/cmr/m/n on input line 327.
LaTeX Font Info:    ... okay on input line 327.
LaTeX Font Info:    Checking defaults for T1/cmr/m/n on input line 327.
LaTeX Font Info:    ... okay on input line 327.
LaTeX Font Info:    Checking defaults for TS1/cmr/m/n on input line 327.
LaTeX Font Info:    ... okay on input line 327.
LaTeX Font Info:    Checking defaults for TU/lmr/m/n on input line 327.
LaTeX Font Info:    ... okay on input line 327.
LaTeX Font Info:    Checking defaults for OMX/cmex/m/n on input line 327.
LaTeX Font Info:    ... okay on input line 327.
LaTeX Font Info:    Checking defaults for U/cmr/m/n on input line 327.
LaTeX Font Info:    ... okay on input line 327.
LaTeX Font Info:    Checking defaults for PD1/pdf/m/n on input line 327.
LaTeX Font Info:    ... okay on input line 327.
LaTeX Font Info:    Checking defaults for PU/pdf/m/n on input line 327.
LaTeX Font Info:    ... okay on input line 327.

Package fontspec Info: 
(fontspec)             Adjusting the maths setup (use [no-math] to avoid
(fontspec)             this).

\symlegacymaths=\mathgroup6
LaTeX Font Info:    Overwriting symbol font `legacymaths' in version `bold'
(Font)                  OT1/cmr/m/n --> OT1/cmr/bx/n on input line 327.
LaTeX Font Info:    Redeclaring math accent \acute on input line 327.
LaTeX Font Info:    Redeclaring math accent \grave on input line 327.
LaTeX Font Info:    Redeclaring math accent \ddot on input line 327.
LaTeX Font Info:    Redeclaring math accent \tilde on input line 327.
LaTeX Font Info:    Redeclaring math accent \bar on input line 327.
LaTeX Font Info:    Redeclaring math accent \breve on input line 327.
LaTeX Font Info:    Redeclaring math accent \check on input line 327.
LaTeX Font Info:    Redeclaring math accent \hat on input line 327.
LaTeX Font Info:    Redeclaring math accent \dot on input line 327.
LaTeX Font Info:    Redeclaring math accent \mathring on input line 327.
LaTeX Font Info:    Redeclaring math symbol \Gamma on input line 327.
LaTeX Font Info:    Redeclaring math symbol \Delta on input line 327.
LaTeX Font Info:    Redeclaring math symbol \Theta on input line 327.
LaTeX Font Info:    Redeclaring math symbol \Lambda on input line 327.
LaTeX Font Info:    Redeclaring math symbol \Xi on input line 327.
LaTeX Font Info:    Redeclaring math symbol \Pi on input line 327.
LaTeX Font Info:    Redeclaring math symbol \Sigma on input line 327.
LaTeX Font Info:    Redeclaring math symbol \Upsilon on input line 327.
LaTeX Font Info:    Redeclaring math symbol \Phi on input line 327.
LaTeX Font Info:    Redeclaring math symbol \Psi on input line 327.
LaTeX Font Info:    Redeclaring math symbol \Omega on input line 327.
LaTeX Font Info:    Redeclaring math symbol \mathdollar on input line 327.
LaTeX Font Info:    Redeclaring symbol font `operators' on input line 327.
LaTeX Font Info:    Encoding `OT1' has changed to `TU' for symbol font
(Font)              `operators' in the math version `normal' on input line 327.

LaTeX Font Info:    Overwriting symbol font `operators' in version `normal'
(Font)                  OT1/cmr/m/n --> TU/TimesNewRoman(0)/m/n on input line 3
27.
LaTeX Font Info:    Encoding `OT1' has changed to `TU' for symbol font
(Font)              `operators' in the math version `bold' on input line 327.
LaTeX Font Info:    Overwriting symbol font `operators' in version `bold'
(Font)                  OT1/cmr/bx/n --> TU/TimesNewRoman(0)/m/n on input line 
327.
LaTeX Font Info:    Overwriting symbol font `operators' in version `normal'
(Font)                  TU/TimesNewRoman(0)/m/n --> TU/TimesNewRoman(0)/m/n on 
input line 327.
LaTeX Font Info:    Overwriting math alphabet `\mathit' in version `normal'
(Font)                  OT1/cmr/m/it --> TU/TimesNewRoman(0)/m/it on input line
 327.
LaTeX Font Info:    Overwriting math alphabet `\mathbf' in version `normal'
(Font)                  OT1/cmr/bx/n --> TU/TimesNewRoman(0)/b/n on input line 
327.
LaTeX Font Info:    Overwriting math alphabet `\mathsf' in version `normal'
(Font)                  OT1/cmss/m/n --> TU/lmss/m/n on input line 327.
LaTeX Font Info:    Overwriting math alphabet `\mathtt' in version `normal'
(Font)                  OT1/cmtt/m/n --> TU/lmtt/m/n on input line 327.
LaTeX Font Info:    Overwriting symbol font `operators' in version `bold'
(Font)                  TU/TimesNewRoman(0)/m/n --> TU/TimesNewRoman(0)/b/n on 
input line 327.
LaTeX Font Info:    Overwriting math alphabet `\mathit' in version `bold'
(Font)                  OT1/cmr/bx/it --> TU/TimesNewRoman(0)/b/it on input lin
e 327.
LaTeX Font Info:    Overwriting math alphabet `\mathsf' in version `bold'
(Font)                  OT1/cmss/bx/n --> TU/lmss/b/n on input line 327.
LaTeX Font Info:    Overwriting math alphabet `\mathtt' in version `bold'
(Font)                  OT1/cmtt/m/n --> TU/lmtt/b/n on input line 327.
Package caption Info: Begin \AtBeginDocument code.
Package caption Info: float package is loaded.
Package caption Info: floatrow package is loaded.
Package caption Info: floatrow package is loaded.
Package caption Info: hyperref package is loaded.
Package caption Info: listings package is loaded.
Package caption Info: longtable package is loaded.
 (/usr/local/texlive/2025/texmf-dist/tex/latex/caption/ltcaption.sty
Package: ltcaption 2021/01/08 v1.4c longtable captions (AR)
)
Package caption Info: Fixing longtable code of `floatrow' package.
Package caption Info: threeparttable package is loaded.
Package caption Info: End \AtBeginDocument code.

(/usr/local/texlive/2025/texmf-dist/tex/latex/floatrow/fr-longtable.sty
Package: fr-longtable 2007/11/28 v0.1b (beta) floatrow: additions for longtable

\flrow@LT@lasthead=\box72
\flrow@LT@prelastfoot=\box73
\c@FBLTpage=\count503
)
\c@lstlisting=\count504

*geometry* driver: auto-detecting
*geometry* detected driver: xetex
*geometry* verbose mode - [ preamble ] result:
* driver: xetex
* paper: a4paper
* layout: <same size as paper>
* layoutoffset:(h,v)=(0.0pt,0.0pt)
* modes: twoside 
* h-part:(L,W,R)=(113.81102pt, 398.3386pt, 85.35826pt)
* v-part:(T,H,B)=(85.35826pt, 674.33032pt, 85.35826pt)
* \paperwidth=597.50787pt
* \paperheight=845.04684pt
* \textwidth=398.3386pt
* \textheight=674.33032pt
* \oddsidemargin=41.54103pt
* \evensidemargin=13.08827pt
* \topmargin=-18.78552pt
* \headheight=12.0pt
* \headsep=19.8738pt
* \topskip=12.0pt
* \footskip=30.0pt
* \marginparwidth=88.0pt
* \marginparsep=7.0pt
* \columnsep=10.0pt
* \skip\footins=10.8pt plus 4.0pt minus 2.0pt
* \hoffset=0.0pt
* \voffset=0.0pt
* \mag=1000
* \@twocolumnfalse
* \@twosidetrue
* \@mparswitchtrue
* \@reversemarginfalse
* (1in=72.27pt=25.4mm, 1cm=28.453pt)

LaTeX Info: Redefining \microtypecontext on input line 327.
Package microtype Info: Applying patch `item' on input line 327.
Package microtype Info: Applying patch `toc' on input line 327.
Package microtype Info: Applying patch `eqnum' on input line 327.
Package microtype Info: Applying patch `footnote' on input line 327.
Package microtype Info: Applying patch `verbatim' on input line 327.
LaTeX Info: Redefining \microtypesetup on input line 327.
Package microtype Info: Character protrusion enabled (level 2).
Package microtype Info: Using default protrusion set `alltext'.
Package microtype Info: No adjustment of tracking.
Package microtype Info: No adjustment of spacing.
Package microtype Info: No adjustment of kerning.
Package microtype Info: Loading generic protrusion settings for font family
(microtype)             `TimesNewRoman' (encoding: TU).
(microtype)             For optimal results, create family-specific settings.
(microtype)             See the microtype manual for details.
Package hyperref Info: Link coloring ON on input line 327.
(./TA.out) (./TA.out)
\@outlinefile=\write4
\openout4 = `TA.out'.

Package biblatex Info: Trying to load language 'indonesian'...
Package biblatex Info: ... file 'indonesian.lbx' not found.


Package biblatex Warning: Language 'indonesian' not supported.
(biblatex)                Using dummy definitions on input line 327.

Package biblatex Info: Trying to load language 'english'...
Package biblatex Info: ... file 'english.lbx' found.
(/usr/local/texlive/2025/texmf-dist/tex/latex/biblatex/lbx/english.lbx
File: english.lbx 2024/03/21 v3.20 biblatex localization (PK/MW)
)
Package biblatex Info: XeTeX detected.
(biblatex)             Assuming input encoding 'utf8'.
Package biblatex Info: Automatic encoding selection.
(biblatex)             Assuming data encoding 'utf8'.
\openout3 = `TA.bcf'.

Package biblatex Info: Trying to load bibliographic data...
Package biblatex Info: ... file 'TA.bbl' found.

(./TA.bbl)
Package biblatex Info: Reference section=0 on input line 327.
Package biblatex Info: Reference segment=0 on input line 327.
 (./1 Halaman Judul.tex
File: images/ganesha.jpg Graphic file (type bmp)
<images/ganesha.jpg>


[1



]) (./2 Lembar Pengesahan.tex) (./3 Pernyataan Orisinalitas.tex
Underfull \vbox (badness 10000) has occurred while \output is active []



[1]

[2

]
Underfull \hbox (badness 10000) in paragraph at lines 10--14

 []

LaTeX Font Info:    Trying to load font information for U+msa on input line 15.

(/usr/local/texlive/2025/texmf-dist/tex/latex/amsfonts/umsa.fd
File: umsa.fd 2013/01/14 v3.01 AMS symbols A
)
(/usr/local/texlive/2025/texmf-dist/tex/latex/microtype/mt-msa.cfg
File: mt-msa.cfg 2006/02/04 v1.1 microtype config. file: AMS symbols (a) (RS)
)
LaTeX Font Info:    Trying to load font information for U+msb on input line 15.


(/usr/local/texlive/2025/texmf-dist/tex/latex/amsfonts/umsb.fd
File: umsb.fd 2013/01/14 v3.01 AMS symbols B
)
(/usr/local/texlive/2025/texmf-dist/tex/latex/microtype/mt-msb.cfg
File: mt-msb.cfg 2005/06/01 v1.0 microtype config. file: AMS symbols (b) (RS)
)
(/usr/local/texlive/2025/texmf-dist/tex/latex/microtype/mt-cmr.cfg
File: mt-cmr.cfg 2013/05/19 v2.2 microtype config. file: Computer Modern Roman 
(RS)
))
(./4 Pernyataan Penggunaan AI.tex

[3]

[4

]
Underfull \hbox (badness 4229) in paragraph at lines 20--20
[]|\TU/TimesNewRoman(0)/m/n/10 Pencarian informasi atau
 []


Underfull \hbox (badness 1735) in paragraph at lines 26--26
[]|\TU/TimesNewRoman(0)/m/n/10 Penyusunan formula atau
 []


Underfull \hbox (badness 10000) in paragraph at lines 28--29
[]|\TU/TimesNewRoman(0)/m/n/10 Penyusunan al-
 []


Underfull \hbox (badness 10000) in paragraph at lines 28--29
\TU/TimesNewRoman(0)/m/n/10 ternatif struktur
 []


Underfull \hbox (badness 10000) in paragraph at lines 32--32
[]|\TU/TimesNewRoman(0)/m/n/10 Penyusunan kesimpulan
 []


Underfull \hbox (badness 10000) in paragraph at lines 32--33
[]|\TU/TimesNewRoman(0)/m/n/10 Penyusunan draf
 []


Underfull \hbox (badness 2600) in paragraph at lines 32--33
\TU/TimesNewRoman(0)/m/n/10 awal dan penyun-
 []


Underfull \hbox (badness 10000) in paragraph at lines 38--40

 []

) (./5 Abstrak.tex

[5]

[6

]) (./6 Kata Pengantar.tex

[7]

[8

])

[9]

Package geometry Warning: `a4paper': not available in `\newgeometry'; skipped.

*geometry* verbose mode - [ newgeometry ] result:
* driver: xetex
* paper: a4paper
* layout: <same size as paper>
* layoutoffset:(h,v)=(0.0pt,0.0pt)
* modes: twoside 
* h-part:(L,W,R)=(113.81102pt, 398.3386pt, 85.35826pt)
* v-part:(T,H,B)=(85.35826pt, 674.33032pt, 85.35826pt)
* \paperwidth=597.50787pt
* \paperheight=845.04684pt
* \textwidth=398.3386pt
* \textheight=674.33032pt
* \oddsidemargin=41.54103pt
* \evensidemargin=13.08827pt
* \topmargin=-18.78552pt
* \headheight=12.0pt
* \headsep=19.8738pt
* \topskip=12.0pt
* \footskip=30.0pt
* \marginparwidth=88.0pt
* \marginparsep=7.0pt
* \columnsep=10.0pt
* \skip\footins=10.8pt plus 4.0pt minus 2.0pt
* \hoffset=0.0pt
* \voffset=0.0pt
* \mag=1000
* \@twocolumnfalse
* \@twosidetrue
* \@mparswitchtrue
* \@reversemarginfalse
* (1in=72.27pt=25.4mm, 1cm=28.453pt)

(./7 Daftar Isi.tex

[10


] (./TA.toc

[11]
Overfull \hbox (0.58832pt too wide) detected at line 135
\TU/TimesNewRoman(0)/m/n/12 III.1.1.1 
 []


Overfull \hbox (0.58832pt too wide) detected at line 136
\TU/TimesNewRoman(0)/m/n/12 III.1.1.2 
 []


Overfull \hbox (0.58832pt too wide) detected at line 137
\TU/TimesNewRoman(0)/m/n/12 III.1.1.3 
 []


Overfull \hbox (0.58832pt too wide) detected at line 138
\TU/TimesNewRoman(0)/m/n/12 III.1.1.4 
 []


Overfull \hbox (0.58832pt too wide) detected at line 140
\TU/TimesNewRoman(0)/m/n/12 III.1.2.1 
 []


Overfull \hbox (0.58832pt too wide) detected at line 141
\TU/TimesNewRoman(0)/m/n/12 III.1.2.2 
 []


Overfull \hbox (0.58832pt too wide) detected at line 142
\TU/TimesNewRoman(0)/m/n/12 III.1.2.3 
 []


Overfull \hbox (0.58832pt too wide) detected at line 173
\TU/TimesNewRoman(0)/m/n/12 III.4.3.1 
 []



[12]
Overfull \hbox (0.58832pt too wide) detected at line 174
\TU/TimesNewRoman(0)/m/n/12 III.4.3.2 
 []


Overfull \hbox (1.05646pt too wide) in paragraph at lines 174--174
 [][] [][][]\TU/TimesNewRoman(0)/m/n/12 Justifikasi Berdasarkan Quality Attribu
tes (ISO/IEC 
 []


Overfull \hbox (0.58832pt too wide) detected at line 177
\TU/TimesNewRoman(0)/m/n/12 III.4.3.3 
 []


Overfull \hbox (0.58832pt too wide) detected at line 180
\TU/TimesNewRoman(0)/m/n/12 III.4.3.4 
 []


Overfull \hbox (1.06989pt too wide) detected at line 214
\TU/TimesNewRoman(0)/m/n/12 IV.11.1 
 []


Overfull \hbox (1.06989pt too wide) detected at line 215
\TU/TimesNewRoman(0)/m/n/12 IV.11.2 
 []


Overfull \hbox (5.26996pt too wide) detected at line 216
\TU/TimesNewRoman(0)/m/n/12 IV.11.2.1 
 []


Overfull \hbox (5.26996pt too wide) detected at line 217
\TU/TimesNewRoman(0)/m/n/12 IV.11.2.2 
 []


Overfull \hbox (1.06989pt too wide) detected at line 218
\TU/TimesNewRoman(0)/m/n/12 IV.11.3 
 []


Overfull \hbox (1.06989pt too wide) detected at line 219
\TU/TimesNewRoman(0)/m/n/12 IV.11.4 
 []



[13])
\tf@toc=\write5
\openout5 = `TA.toc'.

) (./8 Daftar Gambar.tex

[14] (./TA.lof)
\tf@lof=\write6
\openout6 = `TA.lof'.

) (./9 Daftar Tabel.tex

[15

]

[16

] (./TA.lot)
\tf@lot=\write7
\openout7 = `TA.lot'.

) (./12 Daftar Listing.tex

[17]

[18

] (./TA.lol)
\tf@lol=\write8
\openout8 = `TA.lol'.

) (./13 Daftar Simbol.tex

[19

]

[20

]) (./14 Daftar Singkatan.tex

[21]

[22

])

[23]

[24

] (./Bab I - Pendahuluan.tex
Bab I.


[1


]
Underfull \vbox (badness 1412) has occurred while \output is active []



[2]

[3]
Overfull \hbox (7.51297pt too wide) in paragraph at lines 85--86
[]\TU/TimesNewRoman(0)/m/n/12 Bagaimana mengevaluasi kesesuaian rancangan arsit
ektur terhadap sistem yang
 []


Overfull \hbox (1.57147pt too wide) in paragraph at lines 96--97
[]\TU/TimesNewRoman(0)/m/n/12 Mengidentifikasi kebutuhan sistem inspeksi kontai
ner digital berdasarkan kon-
 []



[4]

[5]
Overfull \hbox (10.98814pt too wide) in paragraph at lines 128--129
[]\TU/TimesNewRoman(0)/b/n/12 Komunikasi (\TU/TimesNewRoman(0)/b/it/12 Communic
ation\TU/TimesNewRoman(0)/b/n/12 ). \TU/TimesNewRoman(0)/m/n/12 Menyusun dokume
ntasi penelitian yang komp-
 []

) (./Bab II - Studi.tex

[6]
Bab II.


[7


]
Underfull \hbox (badness 10000) in paragraph at lines 31--31
[]|\TU/TimesNewRoman(0)/b/it/12 Non-Intrusive Ins-
 []


Underfull \hbox (badness 10000) in paragraph at lines 32--32
[]|\TU/TimesNewRoman(0)/b/it/12 Visual-Mechanical
 []


Underfull \hbox (badness 3250) in paragraph at lines 32--32
[]|\TU/TimesNewRoman(0)/m/n/12 Pemeriksaan struktur kontainer
 []


Underfull \hbox (badness 4819) in paragraph at lines 32--32
\TU/TimesNewRoman(0)/m/n/12 menggunakan panduan standar
 []


Underfull \hbox (badness 7415) in paragraph at lines 32--33
\TU/TimesNewRoman(0)/m/n/12 rah, tetapi bergan-
 []


Underfull \hbox (badness 10000) in paragraph at lines 33--34
[]|\TU/TimesNewRoman(0)/m/n/12 Dapat memberikan
 []


Underfull \hbox (badness 10000) in paragraph at lines 33--34
\TU/TimesNewRoman(0)/m/n/12 monitoring \TU/TimesNewRoman(0)/m/it/12 real-
 []


Underfull \hbox (badness 1655) in paragraph at lines 33--34
\TU/TimesNewRoman(0)/m/it/12 time\TU/TimesNewRoman(0)/m/n/12 , tetapi sensitif
 []


Underfull \hbox (badness 10000) in paragraph at lines 33--34
\TU/TimesNewRoman(0)/m/n/12 terhadap kondisi
 []



[8]
Overfull \hbox (1.97673pt too wide) in paragraph at lines 58--59
[]\TU/TimesNewRoman(0)/m/n/12 Non-Intrusive Inspection (NII) merupakan konsep p
emeriksaan kargo yang memung-
 []



[9]
Underfull \hbox (badness 2012) in paragraph at lines 97--97
[]|\TU/TimesNewRoman(0)/m/n/10.95 Kemampuan untuk beroperasi
 []


Underfull \hbox (badness 1817) in paragraph at lines 97--98
[]|\TU/TimesNewRoman(0)/m/n/10.95 Mekanisme deteksi dan pena-
 []


Underfull \hbox (badness 1552) in paragraph at lines 100--100
[]|\TU/TimesNewRoman(0)/m/n/10.95 Kemampuan untuk memenuhi
 []


Underfull \hbox (badness 4686) in paragraph at lines 100--101
[]|\TU/TimesNewRoman(0)/m/n/10.95 Optimalisasi alur pemrosesan
 []


Underfull \hbox (badness 2735) in paragraph at lines 101--102
[]|\TU/TimesNewRoman(0)/m/n/10.95 Enkripsi, otentikasi, otorisasi,
 []

File: images/ISO 25010 quality attributes diagram.png Graphic file (type bmp)
<images/ISO 25010 quality attributes diagram.png>

Overfull \hbox (1.54608pt too wide) in paragraph at lines 118--119
[]\TU/TimesNewRoman(0)/m/n/12 Konsep edge-cloud computing mengacu pada model ar
sitektur komputasi yang mem-
 []


Underfull \vbox (badness 4518) has occurred while \output is active []



[10]

[11]
Overfull \hbox (1.33124pt too wide) in paragraph at lines 126--127
[]\TU/TimesNewRoman(0)/b/it/12 Efficiency \TU/TimesNewRoman(0)/m/n/12 – Pembagi
an beban pemrosesan mengoptimalkan penggunaan sum-
 []


Overfull \hbox (2.17508pt too wide) in paragraph at lines 133--134
[]\TU/TimesNewRoman(0)/m/n/12 Newman mendefinisikan arsitektur layanan sebagai 
pendekatan pengembangan yang
 []


Underfull \vbox (badness 1412) has occurred while \output is active []



[12]

[13]

[14]

[15]

[16]

[17]

[18]
Overfull \hbox (16.34695pt too wide) in paragraph at lines 307--308
[]\TU/TimesNewRoman(0)/b/n/12 Prinsip Pembagian Fungsional Edge-Cloud \TU/Times
NewRoman(0)/m/n/12 – Mengembangkan prinsip-prinsip
 []


Overfull \hbox (8.03241pt too wide) in paragraph at lines 313--314
[]\TU/TimesNewRoman(0)/b/n/12 Framework Interoperabilitas Kontekstual \TU/Times
NewRoman(0)/m/n/12 – Mengembangkan kerangka stan-
 []

)

[19] (./Bab III - Analisis.tex

[20]
Bab III.


[21


]

[22]
File: images/Model Konseptual Sistem Inspeksi Kontainer Saat Ini.png Graphic fi
le (type bmp)
<images/Model Konseptual Sistem Inspeksi Kontainer Saat Ini.png>


[23]
Underfull \hbox (badness 1642) in paragraph at lines 139--139
[]|\TU/TimesNewRoman(0)/m/n/10.95 Sistem memberikan panduan penilaian kerusakan

 []


Overfull \hbox (4.13216pt too wide) in paragraph at lines 127--158
 [][] 
 []



[24]

[25]

Package hyperref Warning: Difference (2) between bookmark levels is greater 
(hyperref)                than one, level fixed on input line 201.



[26]
Overfull \hbox (3.25702pt too wide) in paragraph at lines 214--215
[] []|\TU/TimesNewRoman(0)/b/n/12 III.3.1.0.2 Kelebihan.[] \TU/TimesNewRoman(0)
/m/n/12 Pendekatan ini memiliki beberapa keunggulan dalam kon-
 []


Package hyperref Warning: Difference (2) between bookmark levels is greater 
(hyperref)                than one, level fixed on input line 236.



[27]

Package hyperref Warning: Difference (2) between bookmark levels is greater 
(hyperref)                than one, level fixed on input line 271.


Overfull \hbox (4.0918pt too wide) in paragraph at lines 277--278
\TU/TimesNewRoman(0)/m/n/12 gung jawab domain spesifik, sehingga perubahan pada
 satu domain tidak meng-
 []



[28]

Package hyperref Warning: Difference (2) between bookmark levels is greater 
(hyperref)                than one, level fixed on input line 305.



[29]

Package hyperref Warning: Difference (2) between bookmark levels is greater 
(hyperref)                than one, level fixed on input line 340.



[30]
Underfull \hbox (badness 10000) in paragraph at lines 392--392
[]|\TU/TimesNewRoman(0)/m/n/10.95 Modularitas Kompo-
 []


Underfull \hbox (badness 10000) in paragraph at lines 394--394
[]|\TU/TimesNewRoman(0)/m/n/10.95 Keberlanjutan Opera-
 []



[31]

[32]

[33]) (./Bab IV - Perancangan.tex

[34]
Bab IV.

Overfull \hbox (3.80157pt too wide) in paragraph at lines 29--30
[]\TU/TimesNewRoman(0)/m/n/12 Arsitektur sistem memerlukan sejumlah kapabilitas
 untuk memenuhi kebutuhan fung-
 []



[35


]

[36]

[37]
Overfull \hbox (16.13217pt too wide) in alignment at lines 117--123
 [] [] [] [] 
 []


Overfull \hbox (16.13217pt too wide) in alignment at lines 123--129
 [] [] [] [] 
 []


Overfull \hbox (16.13217pt too wide) in alignment at lines 129--133
 [] [] [] [] 
 []


Overfull \hbox (16.13217pt too wide) in alignment at lines 133--136
 [] [] [] [] 
 []


Underfull \hbox (badness 4832) in paragraph at lines 138--138
[]|\TU/TimesNewRoman(0)/m/n/10.95 Perangkat terpisah, tidak
 []


Underfull \hbox (badness 2277) in paragraph at lines 138--138
[]|\TU/TimesNewRoman(0)/m/n/10.95 Terintegrasi melalui kom-
 []


Underfull \hbox (badness 4072) in paragraph at lines 138--138
\TU/TimesNewRoman(0)/m/n/10.95 ponen koordinasi dengan
 []


Underfull \hbox (badness 10000) in paragraph at lines 138--139
[]|\TU/TimesNewRoman(0)/m/n/10.95 Efisiensi
 []


Underfull \hbox (badness 10000) in paragraph at lines 139--139
[]|\TU/TimesNewRoman(0)/m/n/10.95 Deteksi Keru-
 []


Underfull \hbox (badness 10000) in paragraph at lines 139--139
[]|\TU/TimesNewRoman(0)/m/n/10.95 Inspeksi visual manual,
 []


Underfull \hbox (badness 8094) in paragraph at lines 139--139
[]|\TU/TimesNewRoman(0)/m/n/10.95 Deteksi berbasis analisis
 []


Underfull \hbox (badness 6961) in paragraph at lines 140--140
[]|\TU/TimesNewRoman(0)/m/n/10.95 Pemrosesan paralel pada
 []


Overfull \hbox (5.06735pt too wide) in paragraph at lines 140--141
[]|\TU/TimesNewRoman(0)/m/n/10.95 Responsivitas
 []


Underfull \hbox (badness 6477) in paragraph at lines 141--141
[]|\TU/TimesNewRoman(0)/m/n/10.95 Konsolidasi manual, for-
 []


Underfull \hbox (badness 5607) in paragraph at lines 141--141
[]|\TU/TimesNewRoman(0)/m/n/10.95 Laporan digital otomatis,
 []


Underfull \hbox (badness 10000) in paragraph at lines 141--142
[]|\TU/TimesNewRoman(0)/m/n/10.95 Kecepatan
 []


Underfull \hbox (badness 10000) in paragraph at lines 142--143
[]|\TU/TimesNewRoman(0)/m/n/10.95 Efisiensi
 []


Underfull \hbox (badness 7888) in paragraph at lines 143--143
[]|\TU/TimesNewRoman(0)/m/n/10.95 Manual, tidak konsisten,
 []


Underfull \hbox (badness 2334) in paragraph at lines 143--143
[]|\TU/TimesNewRoman(0)/m/n/10.95 Multi-kanal berbasis atur-
 []


Underfull \hbox (badness 6944) in paragraph at lines 144--144
[]|\TU/TimesNewRoman(0)/m/n/10.95 Pencatatan sistematis de-
 []


Underfull \hbox (badness 10000) in paragraph at lines 145--145
[]|\TU/TimesNewRoman(0)/m/n/10.95 Penskalaan berdasarkan
 []


Underfull \hbox (badness 10000) in paragraph at lines 145--146
[]|\TU/TimesNewRoman(0)/m/n/10.95 Skalabilitas
 []


Underfull \hbox (badness 10000) in paragraph at lines 146--146
[]|\TU/TimesNewRoman(0)/m/n/10.95 Titik kegagalan tunggal,
 []


Underfull \hbox (badness 10000) in paragraph at lines 146--147
[]|\TU/TimesNewRoman(0)/m/n/10.95 Keandalan
 []


Underfull \hbox (badness 1701) in paragraph at lines 147--147
[]|\TU/TimesNewRoman(0)/m/n/10.95 Catatan manual tidak ter-
 []


Underfull \hbox (badness 10000) in paragraph at lines 147--148
[]|\TU/TimesNewRoman(0)/m/n/10.95 Keamanan
 []


Overfull \hbox (16.13217pt too wide) in alignment at lines 136--148
 [] [] [] [] 
 []



[38] [39]
File: images/System Context Diagram.drawio.png Graphic file (type bmp)
<images/System Context Diagram.drawio.png>


[40]

[41]
Overfull \hbox (0.23163pt too wide) in paragraph at lines 184--185
[]\TU/TimesNewRoman(0)/b/n/12 Otoritas Pemerintah \TU/TimesNewRoman(0)/m/n/12 -
 Menggunakan sistem untuk permintaan verifikasi kon-
 []


Overfull \hbox (3.60086pt too wide) in paragraph at lines 197--198
[]\TU/TimesNewRoman(0)/b/n/12 Platform Layanan Pelabuhan \TU/TimesNewRoman(0)/m
/n/12 - Mengirimkan data permohonan layanan yang
 []



[42]
File: images/Layered Architecture.png Graphic file (type bmp)
<images/Layered Architecture.png>


[43]

[44]
File: images/Data Flow Diagram.png Graphic file (type bmp)
<images/Data Flow Diagram.png>


[45]
Overfull \hbox (0.869pt too wide) in paragraph at lines 288--289
\TU/TimesNewRoman(0)/m/n/12 sarkan karakteristik beban kerja dan kebutuhan resp
onsivitas. Komponen yang mem-
 []



[46]
File: images/Deployment Architecture Diagram.png Graphic file (type bmp)
<images/Deployment Architecture Diagram.png>


[47]
File: images/IoT Sensor Architecture Diagram.png Graphic file (type bmp)
<images/IoT Sensor Architecture Diagram.png>


[48]

[49]

[50]
File: images/ER Diagram Conceptual.png Graphic file (type bmp)
<images/ER Diagram Conceptual.png>


[51]

[52]
File: images/Integration Architecture Diagram.png Graphic file (type bmp)
<images/Integration Architecture Diagram.png>


[53]

[54]

[55]

[56]
Underfull \hbox (badness 10000) in paragraph at lines 581--581
[]|\TU/TimesNewRoman(0)/m/it/10.95 Maintainability \TU/TimesNewRoman(0)/m/n/10.
95 -
 []


Underfull \hbox (badness 5133) in paragraph at lines 582--582
[]|\TU/TimesNewRoman(0)/m/n/10.95 Pemisahan Jalur Ko-
 []


Underfull \hbox (badness 2781) in paragraph at lines 584--585
[]|\TU/TimesNewRoman(0)/m/n/10.95 Abstraksi sistem eksternal memu-
 []


Underfull \hbox (badness 3514) in paragraph at lines 585--585
[]|\TU/TimesNewRoman(0)/m/n/10.95 Jejak Audit Kompre-
 []


Underfull \hbox (badness 1122) in paragraph at lines 588--588
[]|\TU/TimesNewRoman(0)/m/it/10.95 Portability \TU/TimesNewRoman(0)/m/n/10.95 -
 \TU/TimesNewRoman(0)/m/it/10.95 Adap-
 []


Underfull \hbox (badness 10000) in paragraph at lines 589--589
[]|\TU/TimesNewRoman(0)/m/n/10.95 Antarmuka Layanan
 []



[57]

[58]
Overfull \hbox (17.54813pt too wide) in paragraph at lines 641--642
[]\TU/TimesNewRoman(0)/m/n/12 Konektivitas jaringan di lingkungan pelabuhan dap
at berubah-ubah—pemrosesan
 []



[59]
Underfull \hbox (badness 10000) in paragraph at lines 688--688
[]|\TU/TimesNewRoman(0)/m/n/10.95 Administrator Sis-
 []


Underfull \hbox (badness 4859) in paragraph at lines 688--688
[]|\TU/TimesNewRoman(0)/m/n/10.95 Pengelolaan infrastruktur, pe-
 []


Underfull \hbox (badness 10000) in paragraph at lines 689--689
[]|\TU/TimesNewRoman(0)/m/n/10.95 Pengoperasian perangkat ins-
 []


Underfull \hbox (badness 1675) in paragraph at lines 689--690
[]|\TU/TimesNewRoman(0)/m/n/10.95 Prosedur inspeksi, pengo-
 []


Underfull \hbox (badness 10000) in paragraph at lines 690--691
[]|\TU/TimesNewRoman(0)/m/n/10.95 Pengetahuan kerusakan
 []


Underfull \hbox (badness 3000) in paragraph at lines 690--691
\TU/TimesNewRoman(0)/m/n/10.95 kontainer, prosedur pena-
 []


Underfull \hbox (badness 10000) in paragraph at lines 691--691
[]|\TU/TimesNewRoman(0)/m/n/10.95 Manajer Operasio-
 []


Underfull \hbox (badness 1024) in paragraph at lines 691--692
[]|\TU/TimesNewRoman(0)/m/n/10.95 Analisis data, manajemen
 []



[60]) (./Bab V - Implementasi.tex

[61]

[62

]
Bab V.


[63

]
Overfull \hbox (0.34814pt too wide) in paragraph at lines 67--73
[]\TU/TimesNewRoman(0)/m/n/12 Komponen aplikasi web direalisasikan menggunakan 
Next.js, React, dan TypeScript.
 []



[64]

[65]

[66]

[67]
Overfull \hbox (0.20233pt too wide) in paragraph at lines 251--257
[]\TU/TimesNewRoman(0)/m/n/12 Pendekatan ini memungkinkan sistem menjawab perta
nyaan operasional seperti kon-
 []

) (./Bab VI - Evaluasi.tex

[68]
Bab VI.


[69


]

[70]
Underfull \hbox (badness 10000) in paragraph at lines 121--121
[]|\TU/TimesNewRoman(0)/m/n/10.95 Komunikasi \TU/TimesNewRoman(0)/m/it/10.95 ed
ge\TU/TimesNewRoman(0)/m/n/10.95 ,
 []


Underfull \hbox (badness 1028) in paragraph at lines 123--124
[]|\TU/TimesNewRoman(0)/m/n/10.95 Tersedia jejak proses dan bukti
 []


Underfull \hbox (badness 4660) in paragraph at lines 124--124
[]|\TU/TimesNewRoman(0)/m/n/10.95 Pemisahan jalur ko-
 []


Underfull \hbox (badness 2846) in paragraph at lines 124--124
[]|\TU/TimesNewRoman(0)/m/n/10.95 Pemisahan jalur data
 []


Underfull \hbox (badness 10000) in paragraph at lines 124--125
[]|\TU/TimesNewRoman(0)/m/n/10.95 Data transaksional dan video
 []


Underfull \hbox (badness 10000) in paragraph at lines 125--125
\TU/TimesNewRoman(0)/m/n/10.95 dalam menampilkan
 []



[71]

[72]
Underfull \vbox (badness 3635) has occurred while \output is active []



[73]

[74]) (./Bab VII - Penutup.tex

[75]

[76

]
Bab VII.


[77

])

[78]
Overfull \hbox (11.06693pt too wide) in paragraph at lines 406--406
\TU/TimesNewRoman(0)/m/it/12 ing, Building, and Deploying Messaging Solutions. 
\TU/TimesNewRoman(0)/m/n/12 Boston, MA: Addison-Wesley
 []



[79


]

[80]
Overfull \hbox (2.69678pt too wide) in paragraph at lines 406--406
[][]\TU/TimesNewRoman(0)/m/n/12 Szeliski, R. 2022. \TU/TimesNewRoman(0)/m/it/12
 Computer Vision: Algorithms and Applications. \TU/TimesNewRoman(0)/m/n/12 2nd 
edisi. Springer.
 []

(./Lampiran-A.tex

[81]

[82

]
Lampiran A.
Package hyperref Info: bookmark level for unknown lstlisting defaults to 0 on i
nput line 12.
Package microtype Info: Loading generic protrusion settings for font family
(microtype)             `lmtt' (encoding: TU).
(microtype)             For optimal results, create family-specific settings.
(microtype)             See the microtype manual for details.
) (./Lampiran-B.tex

[83

]

[84]
Lampiran B.
File: images/survei-tanjung-priok-tpk-pelindo.jpg Graphic file (type bmp)
<images/survei-tanjung-priok-tpk-pelindo.jpg>
File: images/survei-pelindo-2.jpg Graphic file (type bmp)
<images/survei-pelindo-2.jpg>
File: images/survei-pelindo-3.jpg Graphic file (type bmp)
<images/survei-pelindo-3.jpg>

Overfull \hbox (7.91042pt too wide) in paragraph at lines 49--49
|[]\TU/TimesNewRoman(0)/b/n/12 Depo Peti Kemas Tanjung Priok PT Salam Pacific I
ndonesia Lines (SPIL)| 
 []

File: images/survei-pt-spil.jpg Graphic file (type bmp)
<images/survei-pt-spil.jpg>
File: images/survei-pt-spil-2.jpg Graphic file (type bmp)
<images/survei-pt-spil-2.jpg>


[85


]

[86]

[87]

[88]
Overfull \hbox (6.32448pt too wide) in paragraph at lines 83--86
[]\TU/TimesNewRoman(0)/m/n/12 Temuan-temuan ini memperkuat kebutuhan akan arsit
ektur sistem yang mampu meng-
 []


Underfull \vbox (badness 2269) has occurred while \output is active []



[89]

[90]
Underfull \vbox (badness 10000) has occurred while \output is active []



[91] [92]
Overfull \hbox (0.20233pt too wide) in paragraph at lines 227--230
[]\TU/TimesNewRoman(0)/m/n/12 Dokumen-dokumen tersebut juga memberikan beberapa
 temuan eksplisit yang mem-
 []



[93])

[94] (./TA.aux)
 ***********
LaTeX2e <2024-11-01> patch level 2
L3 programming layer <2025-01-18>
 ***********


LaTeX Warning: There were undefined references.

Package rerunfilecheck Info: File `TA.out' has not changed.
(rerunfilecheck)             Checksum: 2EC69890BD1BCFAD254F2E8A384617D0;35443.

Package biblatex Warning: Please rerun LaTeX.

Package logreq Info: Writing requests to 'TA.run.xml'.
\openout1 = `TA.run.xml'.

 ) 
Here is how much of TeX's memory you used:
 35197 strings out of 473832
 691546 string characters out of 5729480
 2200531 words of memory out of 5000000
 57767 multiletter control sequences out of 15000+600000
 567369 words of font info for 104 fonts, out of 8000000 for 9000
 1348 hyphenation exceptions out of 8191
 79i,18n,95p,1195b,6805s stack positions out of 10000i,1000n,20000p,200000b,200000s

Output written on TA.xdv (119 pages, 2044632 bytes).
